#
# There is insufficient memory for the Java Runtime Environment to continue.
# Native memory allocation (mmap) failed to map 67108864 bytes for G1 virtual space
# Possible reasons:
#   The system is out of physical RAM or swap space
#   The process is running with CompressedOops enabled, and the Java Heap may be blocking the growth of the native heap
# Possible solutions:
#   Reduce memory load on the system
#   Increase physical memory or swap space
#   Check if swap backing store is full
#   Decrease Java heap size (-Xmx/-Xms)
#   Decrease number of Java threads
#   Decrease Java thread stack sizes (-Xss)
#   Set larger code cache with -XX:ReservedCodeCacheSize=
#   JVM is running with Unscaled Compressed Oops mode in which the Java heap is
#     placed in the first 4GB address space. The Java Heap base address is the
#     maximum limit for the native heap growth. Please use -XX:HeapBaseMinAddress
#     to set the Java Heap base and to place the Java Heap above 4GB virtual address.
# This output file may be truncated or incomplete.
#
#  Out of Memory Error (os_windows.cpp:3530), pid=5868, tid=9552
#
# JRE version:  (18.0.2+9) (build )
# Java VM: Java HotSpot(TM) 64-Bit Server VM (18.0.2+9-61, mixed mode, sharing, tiered, compressed oops, compressed class ptrs, g1 gc, windows-amd64)
# No core dump will be written. Minidumps are not enabled by default on client versions of Windows
#

---------------  S U M M A R Y ------------

Command Line: -Dfile.encoding=UTF-8 -XX:+ShowCodeDetailsInExceptionMessages Selenium.instagramLogin

Host: Intel(R) Core(TM) i5-3320M CPU @ 2.60GHz, 4 cores, 3G,  Windows 7 , 64 bit Build 7600 (6.1.7600.16385)
Time: Wed Nov 16 07:58:17 2022 India Standard Time elapsed time: 4.063041 seconds (0d 0h 0m 4s)

---------------  T H R E A D  ---------------

Current thread (0x00000000002ec6d0):  JavaThread "Unknown thread" [_thread_in_vm, id=9552, stack(0x0000000002130000,0x0000000002230000)]

Stack: [0x0000000002130000,0x0000000002230000]
Native frames: (J=compiled Java code, j=interpreted, Vv=VM code, C=native code)
V  [jvm.dll+0x6993ca]
V  [jvm.dll+0x7f481d]
V  [jvm.dll+0x7f612e]
V  [jvm.dll+0x7f67e3]
V  [jvm.dll+0x25cdaf]
V  [jvm.dll+0x696319]
V  [jvm.dll+0x68ae4a]
V  [jvm.dll+0x3223eb]
V  [jvm.dll+0x329dc6]
V  [jvm.dll+0x37eade]
V  [jvm.dll+0x37ed0f]
V  [jvm.dll+0x2fa16a]
V  [jvm.dll+0x2fb1cd]
V  [jvm.dll+0x7c3450]
V  [jvm.dll+0x38be61]
V  [jvm.dll+0x7a2073]
V  [jvm.dll+0x40dc3f]
V  [jvm.dll+0x40f611]
C  [jli.dll+0x526b]
C  [ucrtbase.DLL+0x1d912]
C  [kernel32.dll+0x1f56d]
C  [ntdll.dll+0x33281]


---------------  P R O C E S S  ---------------

Threads class SMR info:
_java_thread_list=0x000007fedeebe550, length=0, elements={
}

Java Threads: ( => current thread )

Other Threads:
  0x0000000000332190 WorkerThread "GC Thread#0" [stack: 0x000000001bad0000,0x000000001bbd0000] [id=9680]
  0x000000000033ad10 ConcurrentGCThread "G1 Main Marker" [stack: 0x000000001b910000,0x000000001ba10000] [id=9684]
  0x000000000033d620 WorkerThread "G1 Conc#0" [stack: 0x000000001bce0000,0x000000001bde0000] [id=9692]

[error occurred during error reporting (printing all threads), id 0xc0000005, EXCEPTION_ACCESS_VIOLATION (0xc0000005) at pc=0x000007fede6ea707]

VM state: not at safepoint (not fully initialized)

VM Mutex/Monitor currently owned by a thread:  ([mutex/lock_event])
[0x00000000002e9a00] Heap_lock - owner thread: 0x00000000002ec6d0

Heap address: 0x00000000c1600000, size: 1002 MB, Compressed Oops mode: 32-bit

CDS archive(s) mapped at: [0x0000000000000000-0x0000000000000000-0x0000000000000000), size 0, SharedBaseAddress: 0x0000000800000000, ArchiveRelocationMode: 0.
Narrow klass base: 0x0000000000000000, Narrow klass shift: 0, Narrow klass range: 0x0

GC Precious Log:
 CardTable entry size: 512
 Card Set container configuration: InlinePtr #cards 5 size 8 Array Of Cards #cards 12 size 40 Howl #buckets 4 coarsen threshold 1843 Howl Bitmap #cards 512 size 80 coarsen threshold 460 Card regions per heap region 1 cards per card region 2048

Heap:
 garbage-first heap   total 0K, used 0K [0x00000000c1600000, 0x0000000100000000)
  region size 1024K, 0 young (0K), 0 survivors (0K)

[error occurred during error reporting (printing heap information), id 0xc0000005, EXCEPTION_ACCESS_VIOLATION (0xc0000005) at pc=0x000007fedead1859]

GC Heap History (0 events):
No events

Deoptimization events (0 events):
No events

Classes loaded (0 events):
No events

Classes unloaded (0 events):
No events

Classes redefined (0 events):
No events

Internal exceptions (0 events):
No events

VM Operations (0 events):
No events

Events (1 events):
Event: 0.060 Loaded shared library C:\Program Files\Java\jdk-18.0.2\bin\java.dll


Dynamic libraries:
0x000000013f7b0000 - 0x000000013f7c0000 	C:\Program Files\Java\jdk-18.0.2\bin\javaw.exe
0x0000000077a30000 - 0x0000000077bdb000 	C:\Windows\SYSTEM32\ntdll.dll
0x0000000077810000 - 0x000000007792f000 	C:\Windows\system32\kernel32.dll
0x000007fefdae0000 - 0x000007fefdb4b000 	C:\Windows\system32\KERNELBASE.dll
0x000007fee7550000 - 0x000007fee7568000 	C:\Program Files\Java\jdk-18.0.2\bin\jli.dll
0x000007fefe0d0000 - 0x000007fefe1ab000 	C:\Windows\system32\ADVAPI32.dll
0x000007feff590000 - 0x000007feff62f000 	C:\Windows\system32\msvcrt.dll
0x000007feff630000 - 0x000007feff64f000 	C:\Windows\SYSTEM32\sechost.dll
0x000007feff8b0000 - 0x000007feff9de000 	C:\Windows\system32\RPCRT4.dll
0x000007fefb7b0000 - 0x000007fefb9a4000 	C:\Windows\WinSxS\amd64_microsoft.windows.common-controls_6595b64144ccf1df_6.0.7600.16385_none_fa645303170382f6\COMCTL32.dll
0x000007feffab0000 - 0x000007feffb17000 	C:\Windows\system32\GDI32.dll
0x0000000077930000 - 0x0000000077a2a000 	C:\Windows\system32\USER32.dll
0x000007fefe7c0000 - 0x000007fefe7ce000 	C:\Windows\system32\LPK.dll
0x000007feff9e0000 - 0x000007feffaaa000 	C:\Windows\system32\USP10.dll
0x000007feff660000 - 0x000007feff6d1000 	C:\Windows\system32\SHLWAPI.dll
0x000007fefca30000 - 0x000007fefca3c000 	C:\Windows\system32\VERSION.dll
0x000007fee7110000 - 0x000007fee712a000 	C:\Program Files\Java\jdk-18.0.2\bin\VCRUNTIME140.dll
0x000007fefc000000 - 0x000007fefc004000 	C:\Program Files\Java\jdk-18.0.2\bin\api-ms-win-crt-runtime-l1-1-0.dll
0x000007fee7570000 - 0x000007fee766a000 	C:\Program Files\Java\jdk-18.0.2\bin\ucrtbase.DLL
0x000007fef6380000 - 0x000007fef6383000 	C:\Program Files\Java\jdk-18.0.2\bin\api-ms-win-core-localization-l1-2-0.dll
0x000007fef6370000 - 0x000007fef6373000 	C:\Program Files\Java\jdk-18.0.2\bin\api-ms-win-core-processthreads-l1-1-1.dll
0x000007fef4b30000 - 0x000007fef4b33000 	C:\Program Files\Java\jdk-18.0.2\bin\api-ms-win-core-file-l1-2-0.dll
0x000007fef4b20000 - 0x000007fef4b23000 	C:\Program Files\Java\jdk-18.0.2\bin\api-ms-win-core-timezone-l1-1-0.dll
0x000007fef4ad0000 - 0x000007fef4ad3000 	C:\Program Files\Java\jdk-18.0.2\bin\api-ms-win-core-file-l2-1-0.dll
0x000007fef4ac0000 - 0x000007fef4ac3000 	C:\Program Files\Java\jdk-18.0.2\bin\api-ms-win-core-synch-l1-2-0.dll
0x000007feefac0000 - 0x000007feefac3000 	C:\Program Files\Java\jdk-18.0.2\bin\api-ms-win-crt-heap-l1-1-0.dll
0x000007feefad0000 - 0x000007feefad4000 	C:\Program Files\Java\jdk-18.0.2\bin\api-ms-win-crt-string-l1-1-0.dll
0x000007feefab0000 - 0x000007feefab4000 	C:\Program Files\Java\jdk-18.0.2\bin\api-ms-win-crt-stdio-l1-1-0.dll
0x000007feefaa0000 - 0x000007feefaa4000 	C:\Program Files\Java\jdk-18.0.2\bin\api-ms-win-crt-convert-l1-1-0.dll
0x000007feeb6b0000 - 0x000007feeb6b3000 	C:\Program Files\Java\jdk-18.0.2\bin\api-ms-win-crt-environment-l1-1-0.dll
0x000007feeb6a0000 - 0x000007feeb6a3000 	C:\Program Files\Java\jdk-18.0.2\bin\api-ms-win-crt-filesystem-l1-1-0.dll
0x000007feefa40000 - 0x000007feefa45000 	C:\Program Files\Java\jdk-18.0.2\bin\api-ms-win-crt-math-l1-1-0.dll
0x000007fee6ed0000 - 0x000007fee6ed3000 	C:\Program Files\Java\jdk-18.0.2\bin\api-ms-win-crt-locale-l1-1-0.dll
0x000007fefe7d0000 - 0x000007fefe7fe000 	C:\Windows\system32\IMM32.DLL
0x000007fefdfc0000 - 0x000007fefe0c9000 	C:\Windows\system32\MSCTF.dll
0x000007feefa50000 - 0x000007feefa5c000 	C:\Program Files\Java\jdk-18.0.2\bin\vcruntime140_1.dll
0x000007fee0880000 - 0x000007fee090d000 	C:\Program Files\Java\jdk-18.0.2\bin\msvcp140.dll
0x000007feea0d0000 - 0x000007feea0d3000 	C:\Program Files\Java\jdk-18.0.2\bin\api-ms-win-crt-time-l1-1-0.dll
0x000007feeb6c0000 - 0x000007feeb6c3000 	C:\Program Files\Java\jdk-18.0.2\bin\api-ms-win-crt-utility-l1-1-0.dll
0x000007fede3e0000 - 0x000007fedeff1000 	C:\Program Files\Java\jdk-18.0.2\bin\server\jvm.dll
0x000007fef1210000 - 0x000007fef1219000 	C:\Windows\system32\WSOCK32.dll
0x000007fefe2e0000 - 0x000007fefe32d000 	C:\Windows\system32\WS2_32.dll
0x000007feff650000 - 0x000007feff658000 	C:\Windows\system32\NSI.dll
0x000007fefb490000 - 0x000007fefb4cb000 	C:\Windows\system32\WINMM.dll
0x0000000077c00000 - 0x0000000077c07000 	C:\Windows\system32\PSAPI.DLL
0x000007feea0c0000 - 0x000007feea0ca000 	C:\Program Files\Java\jdk-18.0.2\bin\jimage.dll
0x000007feebb80000 - 0x000007feebca5000 	C:\Windows\system32\DBGHELP.DLL
0x000007feea090000 - 0x000007feea0b5000 	C:\Program Files\Java\jdk-18.0.2\bin\java.dll

dbghelp: loaded successfully - version: 4.0.5 - missing functions: none
symbol engine: initialized successfully - sym options: 0x614 - pdb path: .;C:\Program Files\Java\jdk-18.0.2\bin;C:\Windows\SYSTEM32;C:\Windows\WinSxS\amd64_microsoft.windows.common-controls_6595b64144ccf1df_6.0.7600.16385_none_fa645303170382f6;C:\Program Files\Java\jdk-18.0.2\bin\server

VM Arguments:
jvm_args: -Dfile.encoding=UTF-8 -XX:+ShowCodeDetailsInExceptionMessages 
java_command: Selenium.instagramLogin
java_class_path (initial): C:\Users\dell\eclipse-workspace\23july\bin;C:\Users\dell\Downloads\selenium-server-4.5.0.jar;C:\Users\dell\Downloads\poi-bin-5.2.3\batik-anim-1.14.jar;C:\Users\dell\Downloads\poi-bin-5.2.3\batik-awt-util-1.14.jar;C:\Users\dell\Downloads\poi-bin-5.2.3\batik-bridge-1.14.jar;C:\Users\dell\Downloads\poi-bin-5.2.3\batik-codec-1.14.jar;C:\Users\dell\Downloads\poi-bin-5.2.3\batik-constants-1.14.jar;C:\Users\dell\Downloads\poi-bin-5.2.3\batik-css-1.14.jar;C:\Users\dell\Downloads\poi-bin-5.2.3\batik-dom-1.14.jar;C:\Users\dell\Downloads\poi-bin-5.2.3\batik-ext-1.14.jar;C:\Users\dell\Downloads\poi-bin-5.2.3\batik-gvt-1.14.jar;C:\Users\dell\Downloads\poi-bin-5.2.3\batik-i18n-1.14.jar;C:\Users\dell\Downloads\poi-bin-5.2.3\batik-parser-1.14.jar;C:\Users\dell\Downloads\poi-bin-5.2.3\batik-script-1.14.jar;C:\Users\dell\Downloads\poi-bin-5.2.3\batik-shared-resources-1.14.jar;C:\Users\dell\Downloads\poi-bin-5.2.3\batik-svg-dom-1.14.jar;C:\Users\dell\Downloads\poi-bin-5.2.3\batik-svggen-1.14.jar;C:\Users\dell\Downloads\poi-bin-5.2.3\batik-svgrasterizer-1.14.jar;C:\Users\dell\Downloads\poi-bin-5.2.3\batik-transcoder-1.14.jar;C:\Users\dell\Downloads\poi-bin-5.2.3\batik-util-1.14.jar;C:\Users\dell\Downloads\poi-bin-5.2.3\batik-xml-1.14.jar;C:\Users\dell\Downloads\poi-bin-5.2.3\bcpkix-jdk15on-1.70.jar;C:\Users\dell\Downloads\poi-bin-5.2.3\bcprov-jdk15on-1.70.jar;C:\Users\dell\Downloads\poi-bin-5.2.3\bcutil-jdk15on-1.70.jar;C:\Users\dell\Downloads\poi-bin-5.2.3\commons-codec-1.15.jar;C:\Users\dell\Downloads\poi-bin-5.2.3\commons-collections4-4.4.jar;C:\Users\dell\Downloads\poi-bin-5.2.3\commons-compress-1.21.jar;C:\Users\dell\Downloads\poi-bin-5.2.3\commons-io-2.11.0.jar;C:\Users\dell\Downloads\poi-bin-5.2.3\commons-logging-1.2.jar;C:\Users\dell\Downloads\poi-bin-5.2.3\commons-math3-3.6.1.jar;C:\Users\dell\Downloads\poi-bin-5.2.3\curvesapi-1.07.jar;C:\Users\dell\Downloads\poi-bin-5.2.3\fontbox-2.0.26.jar;C:\Users\dell\Downloads\poi-bin-5.2.3\graphics2d-0.40.jar;C:\Users\dell\Downloads\poi-bin-5.2.3\jakarta.activation-2.0.1.jar;C:\Users\dell\Downloads\poi-bin-5.2.3\jakarta.xml.bind-api-3.0.1.jar;C:\Users\dell\Downloads\poi-bin-5.2.3\log4j-api-2.18.0.jar;C:\Users\dell\Downloads\poi-bin-5.2.3\pdfbox-2.0.26.jar;C:\Users\dell\Downloads\poi-bin-5.2.3\poi-5.2.3.jar;C:\Users\dell\Downloads\poi-bin-5.2.3\poi-examples-5.2.3.jar;C:\Users\dell\Downloads\poi-bin-5.2.3\poi-excelant-5.2.3.jar;C:\Users\dell\Downloads\poi-bin-5.2.3\poi-javadoc-5.2.3.jar;C:\Users\dell\Downloads\poi-bin-5.2.3\poi-ooxml-5.2.3.jar;C:\Users\dell\Downloads\poi-bin-5.2.3\poi-ooxml-full-5.2.3.jar;C:\Users\dell\Downloads\poi-bin-5.2.3\poi-ooxml-lite-5.2.3.jar;C:\Users\dell\Downloads\poi-bin-5.2.3\poi-scratchpad-5.2.3.jar;C:\Users\dell\Downloads\poi-bin-5.2.3\slf4j-api-1.7.36.jar;C:\Users\dell\Downloads\poi-bin-5.2.3\SparseBitSet-1.2.jar;C:\Users\dell\Downloads\poi-bin-5.2.3\xml-apis-1.4.01.jar;C:\Users\dell\Downloads\poi-bin-5.2.3\xml-apis-ext-1.3.04.jar;C:\Users\dell\Downloads\poi-bin-5.2.3\xmlbeans-5.1.1.jar;C:\Users\dell\Downloads\poi-bin-5.2.3\xmlgraphics-commons-2.6.jar;C:\Users\dell\Downloads\poi-bin-5.2.3\xmlsec-3.0.0.jar
Launcher Type: SUN_STANDARD

[Global flags]
     intx CICompilerCount                          = 3                                         {product} {ergonomic}
     uint ConcGCThreads                            = 1                                         {product} {ergonomic}
     uint G1ConcRefinementThreads                  = 4                                         {product} {ergonomic}
   size_t G1HeapRegionSize                         = 1048576                                   {product} {ergonomic}
    uintx GCDrainStackTargetSize                   = 64                                        {product} {ergonomic}
   size_t InitialHeapSize                          = 67108864                                  {product} {ergonomic}
   size_t MarkStackSize                            = 4194304                                   {product} {ergonomic}
   size_t MaxHeapSize                              = 1050673152                                {product} {ergonomic}
   size_t MinHeapDeltaBytes                        = 1048576                                   {product} {ergonomic}
   size_t MinHeapSize                              = 8388608                                   {product} {ergonomic}
    uintx NonNMethodCodeHeapSize                   = 5832780                                {pd product} {ergonomic}
    uintx NonProfiledCodeHeapSize                  = 122912730                              {pd product} {ergonomic}
    uintx ProfiledCodeHeapSize                     = 122912730                              {pd product} {ergonomic}
    uintx ReservedCodeCacheSize                    = 251658240                              {pd product} {ergonomic}
     bool SegmentedCodeCache                       = true                                      {product} {ergonomic}
     bool ShowCodeDetailsInExceptionMessages       = true                                   {manageable} {command line}
   size_t SoftMaxHeapSize                          = 1050673152                             {manageable} {ergonomic}
     bool UseCompressedClassPointers               = true                           {product lp64_product} {ergonomic}
     bool UseCompressedOops                        = true                           {product lp64_product} {ergonomic}
     bool UseG1GC                                  = true                                      {product} {ergonomic}
     bool UseLargePagesIndividualAllocation        = false                                  {pd product} {ergonomic}

Logging:
Log output configuration:
 #0: stdout all=warning uptime,level,tags foldmultilines=false
 #1: stderr all=off uptime,level,tags foldmultilines=false

Environment Variables:
PATH=C:/Program Files/Java/jdk-18.0.2/bin/server;C:/Program Files/Java/jdk-18.0.2/bin;C:\oraclexe\app\oracle\product\11.2.0\server\bin;;C:\Program Files\Java\jdk-18.0.2\bin;C:\Windows\system32;
USERNAME=dell
OS=Windows_NT
PROCESSOR_IDENTIFIER=Intel64 Family 6 Model 58 Stepping 9, GenuineIntel



---------------  S Y S T E M  ---------------

OS:
 Windows 7 , 64 bit Build 7600 (6.1.7600.16385)
OS uptime: 0 days 1:04 hours

CPU: total 4 (initial active 4) (2 cores per cpu, 2 threads per core) family 6 model 58 stepping 9 microcode 0x0, cx8, cmov, fxsr, ht, mmx, sse, sse2, sse3, ssse3, sse4.1, sse4.2, popcnt, tsc, tscinvbit, aes, erms, clmul, clflush

Memory: 4k page, system-wide physical 4001M (351M free)
TotalPageFile size 12720M (AvailPageFile size 1461M)
current process WorkingSet (physical memory assigned to process): 10M, peak: 10M
current process commit charge ("private bytes"): 55M, peak: 118M

vm_info: Java HotSpot(TM) 64-Bit Server VM (18.0.2+9-61) for windows-amd64 JRE (18.0.2+9-61), built on Jun  7 2022 13:09:01 by "mach5one" with MS VC++ 16.8 / 16.9 (VS2019)

END.
